13:48:04.526 [main] DEBUG tests.LoginTest - Browser got Launched
13:50:57.932 [main] DEBUG tests.LoginTest - Browser got Launched
13:51:01.096 [main] DEBUG tests.LoginTest - Navigated to Application URL 
13:51:01.915 [main] DEBUG tests.LoginTest - Clicked on My Account dropdown
13:51:02.730 [main] DEBUG tests.LoginTest - Clicked on login option
13:51:06.016 [main] DEBUG tests.LoginTest - Email addressed got entered
13:51:06.140 [main] DEBUG tests.LoginTest - Password got entered
13:51:06.815 [main] DEBUG tests.LoginTest - Clicked on Login Button
13:51:06.980 [main] DEBUG tests.LoginTest - User got logged in
13:51:06.980 [main] INFO  tests.LoginTest - Login Test got passed
13:51:07.285 [main] DEBUG tests.LoginTest - Browser got closed
13:51:10.400 [main] DEBUG tests.LoginTest - Browser got Launched
13:51:15.488 [main] DEBUG tests.LoginTest - Navigated to Application URL 
13:51:15.577 [main] DEBUG tests.LoginTest - Clicked on My Account dropdown
13:51:16.462 [main] DEBUG tests.LoginTest - Clicked on login option
13:51:19.610 [main] DEBUG tests.LoginTest - Email addressed got entered
13:51:19.883 [main] DEBUG tests.LoginTest - Password got entered
13:51:20.427 [main] DEBUG tests.LoginTest - Clicked on Login Button
13:51:20.492 [main] DEBUG tests.LoginTest - User got logged in
13:51:20.492 [main] ERROR tests.LoginTest - Login Test got failed
13:51:20.709 [main] DEBUG tests.LoginTest - Browser got closed
15:55:34.935 [TestNG-tests-4] DEBUG tests.LoginTest - Browser got Launched
15:56:08.397 [TestNG-tests-4] DEBUG tests.LoginTest - Navigated to Application URL 
15:56:15.812 [TestNG-tests-4] DEBUG tests.LoginTest - Clicked on My Account dropdown
15:56:20.055 [TestNG-tests-4] DEBUG tests.LoginTest - Clicked on login option
15:56:24.441 [TestNG-tests-4] DEBUG tests.LoginTest - Email addressed got entered
15:56:25.158 [TestNG-tests-4] DEBUG tests.LoginTest - Password got entered
15:56:26.437 [TestNG-tests-4] DEBUG tests.LoginTest - Clicked on Login Button
15:56:26.871 [TestNG-tests-4] DEBUG tests.LoginTest - User got logged in
15:56:26.872 [TestNG-tests-4] INFO  tests.LoginTest - Login Test got passed
15:56:27.789 [TestNG-tests-4] DEBUG tests.LoginTest - Browser got closed
15:56:38.054 [TestNG-tests-4] DEBUG tests.LoginTest - Browser got Launched
15:56:42.876 [TestNG-tests-4] DEBUG tests.LoginTest - Navigated to Application URL 
15:56:43.026 [TestNG-tests-4] DEBUG tests.LoginTest - Clicked on My Account dropdown
15:56:43.934 [TestNG-tests-4] DEBUG tests.LoginTest - Clicked on login option
15:56:47.263 [TestNG-tests-4] DEBUG tests.LoginTest - Email addressed got entered
15:56:47.399 [TestNG-tests-4] DEBUG tests.LoginTest - Password got entered
15:56:47.923 [TestNG-tests-4] DEBUG tests.LoginTest - Clicked on Login Button
15:56:48.008 [TestNG-tests-4] DEBUG tests.LoginTest - User got logged in
15:56:48.008 [TestNG-tests-4] ERROR tests.LoginTest - Login Test got failed
15:56:48.358 [TestNG-tests-4] DEBUG tests.LoginTest - Browser got closed
16:57:36.104 [TestNG-tests-4] DEBUG tests.LoginTest - Browser got Launched
16:58:04.073 [TestNG-tests-4] DEBUG tests.LoginTest - Navigated to Application URL 
16:58:07.646 [TestNG-tests-4] DEBUG tests.LoginTest - Clicked on My Account dropdown
16:58:14.078 [TestNG-tests-4] DEBUG tests.LoginTest - Clicked on login option
16:58:33.802 [TestNG-tests-4] DEBUG tests.LoginTest - Email addressed got entered
16:58:34.464 [TestNG-tests-4] DEBUG tests.LoginTest - Password got entered
16:58:37.468 [TestNG-tests-4] DEBUG tests.LoginTest - Clicked on Login Button
16:58:37.957 [TestNG-tests-4] DEBUG tests.LoginTest - User got logged in
16:58:37.959 [TestNG-tests-4] INFO  tests.LoginTest - Login Test got passed
16:58:42.765 [TestNG-tests-4] DEBUG tests.LoginTest - Browser got closed
18:33:21.870 [main] DEBUG tests.LoginTest - Browser got Launched
18:33:28.841 [main] DEBUG tests.LoginTest - Navigated to Application URL 
18:33:32.056 [main] DEBUG tests.LoginTest - Clicked on My Account dropdown
18:33:36.151 [main] DEBUG tests.LoginTest - Clicked on login option
18:33:41.919 [main] DEBUG tests.LoginTest - Email addressed got entered
18:33:42.507 [main] DEBUG tests.LoginTest - Password got entered
18:33:43.505 [main] DEBUG tests.LoginTest - Clicked on Login Button
18:33:43.993 [main] DEBUG tests.LoginTest - User got logged in
18:33:43.994 [main] INFO  tests.LoginTest - Login Test got passed
18:33:45.794 [main] DEBUG tests.LoginTest - Browser got closed
12:58:08.628 [TestNG-tests-4] DEBUG tests.LoginTest - Browser got Launched
12:58:36.067 [TestNG-tests-4] DEBUG tests.LoginTest - Navigated to Application URL 
12:58:37.924 [TestNG-tests-4] DEBUG tests.LoginTest - Clicked on My Account dropdown
12:58:40.128 [TestNG-tests-4] DEBUG tests.LoginTest - Clicked on login option
12:58:45.657 [TestNG-tests-4] DEBUG tests.LoginTest - Email addressed got entered
12:58:46.314 [TestNG-tests-4] DEBUG tests.LoginTest - Password got entered
12:58:48.302 [TestNG-tests-4] DEBUG tests.LoginTest - Clicked on Login Button
12:58:49.448 [TestNG-tests-4] DEBUG tests.LoginTest - User got logged in
12:58:49.449 [TestNG-tests-4] INFO  tests.LoginTest - Login Test got passed
12:58:54.168 [TestNG-tests-4] DEBUG tests.LoginTest - Browser got closed
16:21:41.246 [TestNG-tests-4] DEBUG tests.LoginTest - Browser got Launched
16:22:06.044 [TestNG-tests-4] DEBUG tests.LoginTest - Navigated to Application URL 
16:22:07.993 [TestNG-tests-4] DEBUG tests.LoginTest - Clicked on My Account dropdown
16:22:43.091 [TestNG-tests-4] DEBUG tests.LoginTest - Clicked on login option
16:22:57.757 [TestNG-tests-4] DEBUG tests.LoginTest - Email addressed got entered
16:22:59.628 [TestNG-tests-4] DEBUG tests.LoginTest - Password got entered
16:23:02.306 [TestNG-tests-4] DEBUG tests.LoginTest - Clicked on Login Button
16:23:03.132 [TestNG-tests-4] DEBUG tests.LoginTest - User got logged in
16:23:03.133 [TestNG-tests-4] INFO  tests.LoginTest - Login Test got passed
16:23:03.785 [TestNG-tests-4] DEBUG tests.LoginTest - Browser got closed
16:33:32.032 [TestNG-tests-4] DEBUG tests.LoginTest - Browser got Launched
16:33:57.300 [TestNG-tests-4] DEBUG tests.LoginTest - Navigated to Application URL 
16:33:59.011 [TestNG-tests-4] DEBUG tests.LoginTest - Clicked on My Account dropdown
16:34:01.029 [TestNG-tests-4] DEBUG tests.LoginTest - Clicked on login option
16:34:11.948 [TestNG-tests-4] DEBUG tests.LoginTest - Email addressed got entered
16:34:14.384 [TestNG-tests-4] DEBUG tests.LoginTest - Password got entered
16:34:16.016 [TestNG-tests-4] DEBUG tests.LoginTest - Clicked on Login Button
16:34:17.092 [TestNG-tests-4] DEBUG tests.LoginTest - User got logged in
16:34:17.092 [TestNG-tests-4] INFO  tests.LoginTest - Login Test got passed
16:34:29.082 [TestNG-tests-4] DEBUG tests.LoginTest - Browser got closed
16:41:57.252 [TestNG-tests-4] DEBUG tests.LoginTest - Browser got Launched
16:42:18.857 [TestNG-tests-4] DEBUG tests.LoginTest - Navigated to Application URL 
16:42:20.411 [TestNG-tests-4] DEBUG tests.LoginTest - Clicked on My Account dropdown
16:42:24.011 [TestNG-tests-4] DEBUG tests.LoginTest - Clicked on login option
16:42:29.812 [TestNG-tests-4] DEBUG tests.LoginTest - Email addressed got entered
16:42:30.250 [TestNG-tests-4] DEBUG tests.LoginTest - Password got entered
16:42:32.430 [TestNG-tests-4] DEBUG tests.LoginTest - Clicked on Login Button
16:42:32.874 [TestNG-tests-4] DEBUG tests.LoginTest - User got logged in
16:42:32.875 [TestNG-tests-4] INFO  tests.LoginTest - Login Test got passed
16:42:33.266 [TestNG-tests-4] DEBUG tests.LoginTest - Browser got closed
16:51:03.462 [TestNG-tests-4] DEBUG tests.LoginTest - Browser got Launched
16:51:21.536 [TestNG-tests-4] DEBUG tests.LoginTest - Navigated to Application URL 
16:51:24.649 [TestNG-tests-4] DEBUG tests.LoginTest - Clicked on My Account dropdown
16:51:26.673 [TestNG-tests-4] DEBUG tests.LoginTest - Clicked on login option
16:51:31.331 [TestNG-tests-4] DEBUG tests.LoginTest - Email addressed got entered
16:51:31.946 [TestNG-tests-4] DEBUG tests.LoginTest - Password got entered
16:51:33.647 [TestNG-tests-4] DEBUG tests.LoginTest - Clicked on Login Button
16:51:34.072 [TestNG-tests-4] DEBUG tests.LoginTest - User got logged in
16:51:34.073 [TestNG-tests-4] INFO  tests.LoginTest - Login Test got passed
16:51:34.730 [TestNG-tests-4] DEBUG tests.LoginTest - Browser got closed
16:54:18.665 [TestNG-tests-4] DEBUG tests.LoginTest - Browser got Launched
16:54:41.677 [TestNG-tests-4] DEBUG tests.LoginTest - Navigated to Application URL 
16:54:43.658 [TestNG-tests-4] DEBUG tests.LoginTest - Clicked on My Account dropdown
16:54:46.567 [TestNG-tests-4] DEBUG tests.LoginTest - Clicked on login option
16:54:52.882 [TestNG-tests-4] DEBUG tests.LoginTest - Email addressed got entered
16:54:53.859 [TestNG-tests-4] DEBUG tests.LoginTest - Password got entered
16:54:55.390 [TestNG-tests-4] DEBUG tests.LoginTest - Clicked on Login Button
16:54:56.317 [TestNG-tests-4] DEBUG tests.LoginTest - User got logged in
16:54:56.318 [TestNG-tests-4] INFO  tests.LoginTest - Login Test got passed
16:54:57.621 [TestNG-tests-4] DEBUG tests.LoginTest - Browser got closed
16:57:11.802 [TestNG-tests-4] DEBUG tests.LoginTest - Browser got Launched
16:57:33.648 [TestNG-tests-4] DEBUG tests.LoginTest - Navigated to Application URL 
16:57:42.274 [TestNG-tests-4] DEBUG tests.LoginTest - Clicked on My Account dropdown
16:57:44.699 [TestNG-tests-4] DEBUG tests.LoginTest - Clicked on login option
16:57:50.132 [TestNG-tests-4] DEBUG tests.LoginTest - Email addressed got entered
16:57:50.486 [TestNG-tests-4] DEBUG tests.LoginTest - Password got entered
16:57:52.579 [TestNG-tests-4] DEBUG tests.LoginTest - Clicked on Login Button
16:57:53.360 [TestNG-tests-4] DEBUG tests.LoginTest - User got logged in
16:57:53.360 [TestNG-tests-4] INFO  tests.LoginTest - Login Test got passed
16:57:53.688 [TestNG-tests-4] DEBUG tests.LoginTest - Browser got closed
